<?xml version="1.0" encoding="UTF-8"?>
<!-- Generated by org.testng.reporters.JUnitReportReporter -->
<testsuite hostname="dell" name="com.SeleniumTests.Selenium_Proj" tests="2" failures="0" timestamp="12 Sep 2020 13:58:41 GMT" time="0.843" errors="0">
  <testcase name="Test2" time="0.545" classname="com.SeleniumTests.Selenium_Proj"/>
  <testcase name="Test1" time="0.298" classname="com.SeleniumTests.Selenium_Proj"/>
</testsuite> <!-- com.SeleniumTests.Selenium_Proj -->
